<?xml version="1.0" encoding="UTF-8"?>
<!-- Generated by org.testng.reporters.JUnitReportReporter -->
<testsuite hostname="TGA0045ALKHTABD" name="com.vzt.test.core.BaseDataProviderTest" tests="4" failures="0" timestamp="16 Dec 2015 18:47:03 GMT" time="0.008" errors="0">
  <testcase name="testDataProvider2" time="0.000" classname="com.vzt.test.core.BaseDataProviderTest"/>
  <testcase name="testDataProvider1" time="0.005" classname="com.vzt.test.core.BaseDataProviderTest"/>
  <testcase name="testDataProvider2" time="0.003" classname="com.vzt.test.core.BaseDataProviderTest"/>
  <testcase name="testDataProvider1" time="0.000" classname="com.vzt.test.core.BaseDataProviderTest"/>
</testsuite> <!-- com.vzt.test.core.BaseDataProviderTest -->
